Start testing: May 23 23:12 SE Asia Standard Time
----------------------------------------------------------
1/3 Testing: Test_input_1.txt
1/3 Test: Test_input_1.txt
Command: "C:/Users/ACER/Documents/Fundametal Programming/Fundametal_Programming_2_Project/Fundamental-Programming-2-Project/build/Debug/eniesLobby_bin.exe" "C:/Users/ACER/Documents/Fundametal Programming/Fundametal_Programming_2_Project/Fundamental-Programming-2-Project/testcase/input_1.txt"
Directory: C:/Users/ACER/Documents/Fundametal Programming/Fundametal_Programming_2_Project/Fundamental-Programming-2-Project/build
"Test_input_1.txt" start time: May 23 23:12 SE Asia Standard Time
Output:
----------------------------------------------------------
=== LOADING BATTLE FROM FILE: C:/Users/ACER/Documents/Fundametal Programming/Fundametal_Programming_2_Project/Fundamental-Programming-2-Project/testcase/input_1.txt ===

=== RUNNING BATTLE ===

=== FINAL RESULT ===
STRAW_HAT_WIN_BY_DEFEAT_CP9 46 100 25 100 31 7
<end of output>
Test time =   0.01 sec
----------------------------------------------------------
Test Passed.
"Test_input_1.txt" end time: May 23 23:12 SE Asia Standard Time
"Test_input_1.txt" time elapsed: 00:00:00
----------------------------------------------------------

2/3 Testing: Test_input_2.txt
2/3 Test: Test_input_2.txt
Command: "C:/Users/ACER/Documents/Fundametal Programming/Fundametal_Programming_2_Project/Fundamental-Programming-2-Project/build/Debug/eniesLobby_bin.exe" "C:/Users/ACER/Documents/Fundametal Programming/Fundametal_Programming_2_Project/Fundamental-Programming-2-Project/testcase/input_2.txt"
Directory: C:/Users/ACER/Documents/Fundametal Programming/Fundametal_Programming_2_Project/Fundamental-Programming-2-Project/build
"Test_input_2.txt" start time: May 23 23:12 SE Asia Standard Time
Output:
----------------------------------------------------------
=== LOADING BATTLE FROM FILE: C:/Users/ACER/Documents/Fundametal Programming/Fundametal_Programming_2_Project/Fundamental-Programming-2-Project/testcase/input_2.txt ===

=== RUNNING BATTLE ===

=== FINAL RESULT ===
STRAW_HAT_WIN_BY_DEFEAT_CP9 6 20 50 50 0 93
<end of output>
Test time =   0.01 sec
----------------------------------------------------------
Test Passed.
"Test_input_2.txt" end time: May 23 23:12 SE Asia Standard Time
"Test_input_2.txt" time elapsed: 00:00:00
----------------------------------------------------------

3/3 Testing: Test_input_3.txt
3/3 Test: Test_input_3.txt
Command: "C:/Users/ACER/Documents/Fundametal Programming/Fundametal_Programming_2_Project/Fundamental-Programming-2-Project/build/Debug/eniesLobby_bin.exe" "C:/Users/ACER/Documents/Fundametal Programming/Fundametal_Programming_2_Project/Fundamental-Programming-2-Project/testcase/input_3.txt"
Directory: C:/Users/ACER/Documents/Fundametal Programming/Fundametal_Programming_2_Project/Fundamental-Programming-2-Project/build
"Test_input_3.txt" start time: May 23 23:12 SE Asia Standard Time
Output:
----------------------------------------------------------
=== LOADING BATTLE FROM FILE: C:/Users/ACER/Documents/Fundametal Programming/Fundametal_Programming_2_Project/Fundamental-Programming-2-Project/testcase/input_3.txt ===

=== RUNNING BATTLE ===

=== FINAL RESULT ===
BUSTER_CALL 32 50 30 100 31 0
<end of output>
Test time =   0.01 sec
----------------------------------------------------------
Test Passed.
"Test_input_3.txt" end time: May 23 23:12 SE Asia Standard Time
"Test_input_3.txt" time elapsed: 00:00:00
----------------------------------------------------------

End testing: May 23 23:12 SE Asia Standard Time
